Determining if the pthread_create exist failed with the following output:
Change Dir: /home/agneev/catkin_ws/build/CMakeFiles/CMakeTmp

Run Build Command:/usr/bin/make "cmTryCompileExec4219248779/fast"
/usr/bin/make -f CMakeFiles/cmTryCompileExec4219248779.dir/build.make CMakeFiles/cmTryCompileExec4219248779.dir/build
make[1]: Entering directory `/home/agneev/catkin_ws/build/CMakeFiles/CMakeTmp'
/usr/bin/cmake -E cmake_progress_report /home/agneev/catkin_ws/build/CMakeFiles/CMakeTmp/CMakeFiles 1
Building C object CMakeFiles/cmTryCompileExec4219248779.dir/CheckSymbolExists.c.o
/usr/bin/cc    -o CMakeFiles/cmTryCompileExec4219248779.dir/CheckSymbolExists.c.o   -c /home/agneev/catkin_ws/build/CMakeFiles/CMakeTmp/CheckSymbolExists.c
Linking C executable cmTryCompileExec4219248779
/usr/bin/cmake -E cmake_link_script CMakeFiles/cmTryCompileExec4219248779.dir/link.txt --verbose=1
/usr/bin/cc       CMakeFiles/cmTryCompileExec4219248779.dir/CheckSymbolExists.c.o  -o cmTryCompileExec4219248779 -rdynamic 
CMakeFiles/cmTryCompileExec4219248779.dir/CheckSymbolExists.c.o: In function `main':
CheckSymbolExists.c:(.text+0x16): undefined reference to `pthread_create'
collect2: error: ld returned 1 exit status
make[1]: Leaving directory `/home/agneev/catkin_ws/build/CMakeFiles/CMakeTmp'
make[1]: *** [cmTryCompileExec4219248779] Error 1
make: *** [cmTryCompileExec4219248779/fast] Error 2

File /home/agneev/catkin_ws/build/CMakeFiles/CMakeTmp/CheckSymbolExists.c:
/* */
#include <pthread.h>

int main(int argc, char** argv)
{
  (void)argv;
#ifndef pthread_create
  return ((int*)(&pthread_create))[argc];
#else
  (void)argc;
  return 0;
#endif
}

Determining if the function pthread_create exists in the pthreads failed with the following output:
Change Dir: /home/agneev/catkin_ws/build/CMakeFiles/CMakeTmp

Run Build Command:/usr/bin/make "cmTryCompileExec3700856076/fast"
/usr/bin/make -f CMakeFiles/cmTryCompileExec3700856076.dir/build.make CMakeFiles/cmTryCompileExec3700856076.dir/build
make[1]: Entering directory `/home/agneev/catkin_ws/build/CMakeFiles/CMakeTmp'
/usr/bin/cmake -E cmake_progress_report /home/agneev/catkin_ws/build/CMakeFiles/CMakeTmp/CMakeFiles 1
Building C object CMakeFiles/cmTryCompileExec3700856076.dir/CheckFunctionExists.c.o
/usr/bin/cc   -DCHECK_FUNCTION_EXISTS=pthread_create   -o CMakeFiles/cmTryCompileExec3700856076.dir/CheckFunctionExists.c.o   -c /usr/share/cmake-2.8/Modules/CheckFunctionExists.c
Linking C executable cmTryCompileExec3700856076
/usr/bin/cmake -E cmake_link_script CMakeFiles/cmTryCompileExec3700856076.dir/link.txt --verbose=1
/usr/bin/cc   -DCHECK_FUNCTION_EXISTS=pthread_create    CMakeFiles/cmTryCompileExec3700856076.dir/CheckFunctionExists.c.o  -o cmTryCompileExec3700856076 -rdynamic -lpthreads 
/usr/bin/ld: cannot find -lpthreads
collect2: error: ld returned 1 exit status
make[1]: Leaving directory `/home/agneev/catkin_ws/build/CMakeFiles/CMakeTmp'
make[1]: *** [cmTryCompileExec3700856076] Error 1
make: *** [cmTryCompileExec3700856076/fast] Error 2


